<?xml version="1.0" encoding="UTF-8" ?>
<testsuite tests="1" failures="0" name="app.AppTest" time="0.01" errors="0" skipped="0">
  <properties>
    <property name="java.runtime.name" value="Java(TM) SE Runtime Environment"/>
    <property name="java.vm.version" value="13.0.1+9"/>
    <property name="sun.boot.library.path" value="C:\Program Files\Java\jdk-13.0.1\bin"/>
    <property name="maven.multiModuleProjectDirectory" value="C:\Users\rocca\Documents\Projects\MTDS-Project\project6\vanilla"/>
    <property name="java.vm.vendor" value="Oracle Corporation"/>
    <property name="java.vendor.url" value="https://java.oracle.com/"/>
    <property name="guice.disable.misplaced.annotation.check" value="true"/>
    <property name="path.separator" value=";"/>
    <property name="java.vm.name" value="Java HotSpot(TM) 64-Bit Server VM"/>
    <property name="sun.os.patch.level" value=""/>
    <property name="user.script" value=""/>
    <property name="user.country" value="IT"/>
    <property name="sun.java.launcher" value="SUN_STANDARD"/>
    <property name="java.vm.specification.name" value="Java Virtual Machine Specification"/>
    <property name="user.dir" value="C:\Users\rocca\Documents\Projects\MTDS-Project\project6\vanilla"/>
    <property name="java.vm.compressedOopsMode" value="32-bit"/>
    <property name="java.runtime.version" value="13.0.1+9"/>
    <property name="os.arch" value="amd64"/>
    <property name="java.io.tmpdir" value="C:\Users\rocca\AppData\Local\Temp\"/>
    <property name="line.separator" value="
"/>
    <property name="java.vm.specification.vendor" value="Oracle Corporation"/>
    <property name="user.variant" value=""/>
    <property name="os.name" value="Windows 10"/>
    <property name="classworlds.conf" value="C:\Apache-Maven\bin\..\bin\m2.conf"/>
    <property name="sun.jnu.encoding" value="Cp1252"/>
    <property name="java.library.path" value="C:\Program Files\Java\jdk-13.0.1\bin;C:\windows\Sun\Java\bin;C:\windows\system32;C:\windows;C:\Users\rocca\AppData\Roaming\Python\Python37\site-packages\pywin32_system32;C:\Users\rocca\Miniconda3;C:\Users\rocca\Miniconda3\Library\mingw-w64\bin;C:\Users\rocca\Miniconda3\Library\usr\bin;C:\Users\rocca\Miniconda3\Library\bin;C:\Users\rocca\Miniconda3\Scripts;C:\Users\rocca\Miniconda3\bin;C:\Users\rocca\Miniconda3;C:\Users\rocca\Miniconda3\Library\mingw-w64\bin;C:\Users\rocca\Miniconda3\Library\usr\bin;C:\Users\rocca\Miniconda3\Library\bin;C:\Users\rocca\Miniconda3\Scripts;C:\Users\rocca\Miniconda3\bin;C:\Users\rocca\Miniconda3\condabin;C:\Users\rocca\Miniconda3;C:\Users\rocca\Miniconda3\Library\mingw-w64\bin;C:\Users\rocca\Miniconda3\Library\usr\bin;C:\Users\rocca\Miniconda3\Library\bin;C:\Users\rocca\Miniconda3\Scripts;C:\Users\rocca\Miniconda3\bin;C:\Python27;C:\Python27\Scripts;C:\windows\system32;C:\windows;C:\windows\System32\Wbem;C:\windows\System32\WindowsPowerShell\v1.0;C:\windows\System32\OpenSSH;C:\MinGW\bin;C:\MinGW\msys\1.0\bin;C:\CMake\bin;C:\Apache-Maven\bin;C:\Program Files\Git\cmd;C:\Program Files\Java\jdk-13.0.1\bin;C:\Program Files\nodejs;C:\ProgramData\chocolatey\bin;C:\Program Files\PostgreSQL\12\bin;C:\AMPL;C:\Users\rocca\AppData\Local\Microsoft\WindowsApps;C:\Users\rocca\Miniconda3;C:\Users\rocca\Miniconda3\Scripts;C:\Users\rocca\AppData\Local\Programs\Microsoft VS Code\bin;C:\Users\rocca\AppData\Roaming\npm;C:\Users\rocca\AppData\Local\Pandoc;.;."/>
    <property name="maven.conf" value="C:\Apache-Maven\bin\../conf"/>
    <property name="jdk.debug" value="release"/>
    <property name="java.class.version" value="57.0"/>
    <property name="java.specification.name" value="Java Platform API Specification"/>
    <property name="sun.management.compiler" value="HotSpot 64-Bit Tiered Compilers"/>
    <property name="os.version" value="10.0"/>
    <property name="library.jansi.path" value="C:\Apache-Maven\bin\..\lib\jansi-native"/>
    <property name="user.home" value="C:\Users\rocca"/>
    <property name="user.timezone" value="Europe/Rome"/>
    <property name="file.encoding" value="Cp1252"/>
    <property name="java.specification.version" value="13"/>
    <property name="user.name" value="rocca"/>
    <property name="java.class.path" value="C:\Apache-Maven\bin\..\boot\plexus-classworlds-2.6.0.jar"/>
    <property name="java.vm.specification.version" value="13"/>
    <property name="sun.arch.data.model" value="64"/>
    <property name="sun.java.command" value="org.codehaus.plexus.classworlds.launcher.Launcher package"/>
    <property name="java.home" value="C:\Program Files\Java\jdk-13.0.1"/>
    <property name="user.language" value="it"/>
    <property name="java.specification.vendor" value="Oracle Corporation"/>
    <property name="java.vm.info" value="mixed mode, sharing"/>
    <property name="java.version" value="13.0.1"/>
    <property name="java.vendor" value="Oracle Corporation"/>
    <property name="sun.stderr.encoding" value="cp850"/>
    <property name="maven.home" value="C:\Apache-Maven\bin\.."/>
    <property name="file.separator" value="\"/>
    <property name="java.version.date" value="2019-10-15"/>
    <property name="java.vendor.url.bug" value="https://bugreport.java.com/bugreport/"/>
    <property name="sun.io.unicode.encoding" value="UnicodeLittle"/>
    <property name="sun.cpu.endian" value="little"/>
    <property name="sun.stdout.encoding" value="cp850"/>
    <property name="sun.cpu.isalist" value="amd64"/>
  </properties>
  <testcase classname="app.AppTest" name="testApp" time="0.01"/>
</testsuite>